<?xml version="1.0" encoding="UTF-8"?>
<testsuite name="io.github.mpontoc.clean.architecture.ApplicationTests" tests="1" skipped="0" failures="0" errors="0" timestamp="2024-05-08T02:09:56" hostname="Clebers-MacBook-Pro.local" time="0.396">
  <properties/>
  <testcase name="contextLoads()" classname="io.github.mpontoc.clean.architecture.ApplicationTests" time="0.396"/>
  <system-out><![CDATA[23:09:56.099 [Test worker] INFO org.springframework.test.context.support.AnnotationConfigContextLoaderUtils -- Could not detect default configuration classes for test class [io.github.mpontoc.clean.architecture.ApplicationTests]: ApplicationTests does not declare any static, non-private, non-final, nested classes annotated with @Configuration.
23:09:56.137 [Test worker] INFO org.springframework.boot.test.context.SpringBootTestContextBootstrapper -- Found @SpringBootConfiguration io.github.mpontoc.clean.architecture.Application for test class io.github.mpontoc.clean.architecture.ApplicationTests

  .   ____          _            __ _ _
 /\\ / ___'_ __ _ _(_)_ __  __ _ \ \ \ \
( ( )\___ | '_ | '_| | '_ \/ _` | \ \ \ \
 \\/  ___)| |_)| | | | | || (_| |  ) ) ) )
  '  |____| .__|_| |_|_| |_\__, | / / / /
 =========|_|==============|___/=/_/_/_/
 :: Spring Boot ::                (v3.2.5)

2024-05-07T23:09:56.280-03:00  INFO 5817 --- [starwars.clean.architecture] [    Test worker] i.g.m.c.architecture.ApplicationTests    : Starting ApplicationTests using Java 17.0.10 with PID 5817 (started by mpontoc in /Users/mpontoc/Downloads/clean.architecture)
2024-05-07T23:09:56.281-03:00  INFO 5817 --- [starwars.clean.architecture] [    Test worker] i.g.m.c.architecture.ApplicationTests    : No active profile set, falling back to 1 default profile: "default"
2024-05-07T23:09:56.706-03:00  INFO 5817 --- [starwars.clean.architecture] [    Test worker] i.g.m.c.architecture.ApplicationTests    : Started ApplicationTests in 0.513 seconds (process running for 1.012)
]]></system-out>
  <system-err><![CDATA[]]></system-err>
</testsuite>
